<?xml version="1.0" encoding="UTF-8"?>
<testsuite name="Automatizacion de Api Rest" tests="1" skipped="0" failures="0" errors="0" timestamp="2021-09-13T14:59:17" hostname="LAPTOP-0S4TFPOM" time="8.366">
  <properties/>
  <testcase name="Consultar informacion de usuario" classname="Automatizacion de Api Rest" time="8.366"/>
  <system-out><![CDATA[HTTP/1.1 200 OK
Server: nginx
Date: Mon, 13 Sep 2021 14:59:23 GMT
Content-Type: application/json; charset=utf-8
Transfer-Encoding: chunked
Connection: keep-alive
Vary: Accept-Encoding
X-Frame-Options: SAMEORIGIN
X-XSS-Protection: 1; mode=block
X-Content-Type-Options: nosniff
X-Download-Options: noopen
X-Permitted-Cross-Domain-Policies: none
Referrer-Policy: strict-origin-when-cross-origin
ETag: W/"f0ca2b1e678cd1a5463ed4b93a1a79c7"
Cache-Control: max-age=0, private, must-revalidate
X-Request-Id: 875e8129-c2bb-443c-a208-aac25daa30af
X-Runtime: 0.011689
Strict-Transport-Security: max-age=63072000; includeSubDomains
Vary: Origin
Content-Encoding: gzip

{
    "meta": null,
    "data": {
        "id": 151,
        "name": "Aatmaj Nayar",
        "email": "nayar_aatmaj@hayes-mohr.biz",
        "gender": "female",
        "status": "inactive"
    }
}
]]></system-out>
  <system-err><![CDATA[[Test worker] INFO io.cucumber.core.plugin.SerenityReporter - Running feature from file:///C:/Users/river/Desktop/proyectos%20vs%20code/proyectos%20vs%20code/automatización%20test/screenplay/screenplay/Rest%20api/src/test/resources/com.wilmer.features/get_gorest.feature
[Test worker] WARN io.cucumber.core.plugin.SerenityReporter - Feature from file:///C:/Users/river/Desktop/proyectos%20vs%20code/proyectos%20vs%20code/automatización%20test/screenplay/screenplay/Rest%20api/src/test/resources/com.wilmer.features/get_gorest.feature is not under the 'features' directory. Requirements report will not be correctly generated!
[Test worker] INFO  - 
 _____ _____ ____ _____   ____ _____  _    ____ _____ _____ ____  
|_   _| ____/ ___|_   _| / ___|_   _|/ \  |  _ \_   _| ____|  _ \ 
  | | |  _| \___ \ | |   \___ \ | | / _ \ | |_) || | |  _| | | | |
  | | | |___ ___) || |    ___) || |/ ___ \|  _ < | | | |___| |_| |
  |_| |_____|____/ |_|   |____/ |_/_/   \_\_| \_\|_| |_____|____/ 

Consultar informacion de usuario(automatizacion-de-api-rest;consultar-informacion-de-usuario)
-------------------------------------------------------------------
[Test worker] INFO  - 
        __    _____ _____ ____ _____   ____   _    ____  ____  _____ ____  
  _     \ \  |_   _| ____/ ___|_   _| |  _ \ / \  / ___|/ ___|| ____|  _ \ 
 (_)_____| |   | | |  _| \___ \ | |   | |_) / _ \ \___ \\___ \|  _| | | | |
  _|_____| |   | | | |___ ___) || |   |  __/ ___ \ ___) |___) | |___| |_| |
 (_)     | |   |_| |_____|____/ |_|   |_| /_/   \_\____/|____/|_____|____/ 
        /_/                                                                

Consultar informacion de usuario
----------------------------------------------------------------------------
]]></system-err>
</testsuite>
